<?xml version="1.0" encoding="UTF-8"?>
<!-- Generated by org.testng.reporters.JUnitReportReporter -->
<testsuite hostname="Username" name="ass.kasimyur.cvi3.functional.AverageStockPriceTest" tests="1" failures="0" timestamp="20 Mar 2017 08:57:47 GMT" time="0.380" errors="0">
  <testcase name="average" time="0.380" classname="ass.kasimyur.cvi3.functional.AverageStockPriceTest"/>
</testsuite> <!-- ass.kasimyur.cvi3.functional.AverageStockPriceTest -->
