<?xml version="1.0" encoding="UTF-8"?>
<!-- Generated by org.testng.reporters.JUnitReportReporter -->
<testsuite hostname="Username" name="ass.kasimyur.cvi3.stock.trader.TraderTest" tests="3" failures="2" timestamp="20 Mar 2017 08:57:47 GMT" time="0.059" errors="0">
  <testcase name="testShouldFindCorrectMinimum" time="0.053" classname="ass.kasimyur.cvi3.stock.trader.TraderTest"/>
  <testcase name="testShouldSkipFailed" time="0.001" classname="ass.kasimyur.cvi3.stock.trader.TraderTest">
    <failure type="java.util.concurrent.RejectedExecutionException" message="Task java.util.concurrent.ExecutorCompletionService$QueueingFuture@312a12c2 rejected from java.util.concurrent.ThreadPoolExecutor@17f56235[Terminated, pool size = 0, active threads = 0, queued tasks = 0, completed tasks = 10]">
      <![CDATA[java.util.concurrent.RejectedExecutionException: Task java.util.concurrent.ExecutorCompletionService$QueueingFuture@312a12c2 rejected from java.util.concurrent.ThreadPoolExecutor@17f56235[Terminated, pool size = 0, active threads = 0, queued tasks = 0, completed tasks = 10]
	at java.util.concurrent.ThreadPoolExecutor$AbortPolicy.rejectedExecution(ThreadPoolExecutor.java:2047)
	at java.util.concurrent.ThreadPoolExecutor.reject(ThreadPoolExecutor.java:823)
	at java.util.concurrent.ThreadPoolExecutor.execute(ThreadPoolExecutor.java:1369)
	at java.util.concurrent.ExecutorCompletionService.submit(ExecutorCompletionService.java:181)
	at ass.kasimyur.cvi3.stock.trader.solution.ExecutorTrader.suggestStockToBuy(ExecutorTrader.java:52)
	at ass.kasimyur.cvi3.stock.trader.TraderTest.testShouldSkipFailed(TraderTest.java:39)
	at sun.reflect.NativeMethodAccessorImpl.invoke0(Native Method)
	at sun.reflect.NativeMethodAccessorImpl.invoke(NativeMethodAccessorImpl.java:62)
	at sun.reflect.DelegatingMethodAccessorImpl.invoke(DelegatingMethodAccessorImpl.java:43)
	at java.lang.reflect.Method.invoke(Method.java:498)
	at org.testng.internal.MethodInvocationHelper.invokeMethod(MethodInvocationHelper.java:80)
	at org.testng.internal.InvokeMethodRunnable.runOne(InvokeMethodRunnable.java:46)
	at org.testng.internal.InvokeMethodRunnable.run(InvokeMethodRunnable.java:37)
	at java.util.concurrent.Executors$RunnableAdapter.call(Executors.java:511)
	at java.util.concurrent.FutureTask.run(FutureTask.java:266)
	at java.util.concurrent.ThreadPoolExecutor.runWorker(ThreadPoolExecutor.java:1142)
	at java.util.concurrent.ThreadPoolExecutor$Worker.run(ThreadPoolExecutor.java:617)
	at java.lang.Thread.run(Thread.java:745)
]]>
    </failure>
  </testcase> <!-- testShouldSkipFailed -->
  <testcase name="testShouldFindCorrectMinimumFast" time="0.005" classname="ass.kasimyur.cvi3.stock.trader.TraderTest">
    <failure type="java.util.concurrent.RejectedExecutionException" message="Task java.util.concurrent.ExecutorCompletionService$QueueingFuture@19328f63 rejected from java.util.concurrent.ThreadPoolExecutor@17f56235[Terminated, pool size = 0, active threads = 0, queued tasks = 0, completed tasks = 10]">
      <![CDATA[java.util.concurrent.RejectedExecutionException: Task java.util.concurrent.ExecutorCompletionService$QueueingFuture@19328f63 rejected from java.util.concurrent.ThreadPoolExecutor@17f56235[Terminated, pool size = 0, active threads = 0, queued tasks = 0, completed tasks = 10]
	at java.util.concurrent.ThreadPoolExecutor$AbortPolicy.rejectedExecution(ThreadPoolExecutor.java:2047)
	at java.util.concurrent.ThreadPoolExecutor.reject(ThreadPoolExecutor.java:823)
	at java.util.concurrent.ThreadPoolExecutor.execute(ThreadPoolExecutor.java:1369)
	at java.util.concurrent.ExecutorCompletionService.submit(ExecutorCompletionService.java:181)
	at ass.kasimyur.cvi3.stock.trader.solution.ExecutorTrader.suggestStockToBuy(ExecutorTrader.java:52)
	at ass.kasimyur.cvi3.stock.trader.TraderTest.testShouldFindCorrectMinimumFast(TraderTest.java:31)
	at sun.reflect.NativeMethodAccessorImpl.invoke0(Native Method)
	at sun.reflect.NativeMethodAccessorImpl.invoke(NativeMethodAccessorImpl.java:62)
	at sun.reflect.DelegatingMethodAccessorImpl.invoke(DelegatingMethodAccessorImpl.java:43)
	at java.lang.reflect.Method.invoke(Method.java:498)
	at org.testng.internal.MethodInvocationHelper.invokeMethod(MethodInvocationHelper.java:80)
	at org.testng.internal.InvokeMethodRunnable.runOne(InvokeMethodRunnable.java:46)
	at org.testng.internal.InvokeMethodRunnable.run(InvokeMethodRunnable.java:37)
	at java.util.concurrent.Executors$RunnableAdapter.call(Executors.java:511)
	at java.util.concurrent.FutureTask.run(FutureTask.java:266)
	at java.util.concurrent.ThreadPoolExecutor.runWorker(ThreadPoolExecutor.java:1142)
	at java.util.concurrent.ThreadPoolExecutor$Worker.run(ThreadPoolExecutor.java:617)
	at java.lang.Thread.run(Thread.java:745)
]]>
    </failure>
  </testcase> <!-- testShouldFindCorrectMinimumFast -->
</testsuite> <!-- ass.kasimyur.cvi3.stock.trader.TraderTest -->
